*** Starting uWSGI 2.0.14 (64bit) on [Sat Mar 25 01:22:23 2017] ***
compiled with version: 4.9.2 on 25 March 2017 00:55:00
os: Linux-4.4.0-67-generic #88-Ubuntu SMP Wed Mar 8 16:34:45 UTC 2017
nodename: 4b7a3863e641
machine: x86_64
clock source: unix
pcre jit disabled
detected number of CPU cores: 4
current working directory: /docker_playground
detected binary path: /usr/local/bin/uwsgi
uWSGI running as root, you can use --uid/--gid/--chroot options
*** WARNING: you are running uWSGI as root !!! (use the --uid flag) *** 
chdir() to /docker_playground
your memory page size is 4096 bytes
detected max file descriptor number: 1048576
lock engine: pthread robust mutexes
thunder lock: disabled (you can enable it with --thunder-lock)
uwsgi socket 0 bound to UNIX address /docker_playground/docker_playground.sock fd 3
Python version: 3.5.3 (default, Mar 22 2017, 22:57:20)  [GCC 4.9.2]
*** Python threads support is disabled. You can enable it with --enable-threads ***
Python main interpreter initialized at 0x265dd40
your server socket listen backlog is limited to 100 connections
your mercy for graceful operations on workers is 60 seconds
mapped 363840 bytes (355 KB) for 4 cores
*** Operational MODE: preforking ***
WSGI app 0 (mountpoint='') ready in 0 seconds on interpreter 0x265dd40 pid: 1 (default app)
*** uWSGI is running in multiple interpreter mode ***
spawned uWSGI master process (pid: 1)
spawned uWSGI worker 1 (pid: 8, cores: 1)
spawned uWSGI worker 2 (pid: 9, cores: 1)
spawned uWSGI worker 3 (pid: 10, cores: 1)
spawned uWSGI worker 4 (pid: 11, cores: 1)
[pid: 8|app: 0|req: 1/1] 172.19.0.1 () {40 vars in 602 bytes} [Sat Mar 25 01:22:31 2017] GET / => generated 153 bytes in 31 msecs (HTTP/1.1 200) 2 headers in 88 bytes (1 switches on core 0)
Sat Mar 25 01:54:41 2017 - uWSGI worker 1 screams: UAAAAAAH my master disconnected: i will kill myself !!!
Sat Mar 25 01:54:41 2017 - uWSGI worker 2 screams: UAAAAAAH my master disconnected: i will kill myself !!!
Sat Mar 25 01:54:41 2017 - uWSGI worker 3 screams: UAAAAAAH my master disconnected: i will kill myself !!!
*** Starting uWSGI 2.0.14 (64bit) on [Sat Mar 25 02:08:29 2017] ***
compiled with version: 4.9.2 on 25 March 2017 00:55:00
os: Linux-4.4.0-67-generic #88-Ubuntu SMP Wed Mar 8 16:34:45 UTC 2017
nodename: 4b7a3863e641
machine: x86_64
clock source: unix
pcre jit disabled
detected number of CPU cores: 4
current working directory: /docker_playground
detected binary path: /usr/local/bin/uwsgi
uWSGI running as root, you can use --uid/--gid/--chroot options
*** WARNING: you are running uWSGI as root !!! (use the --uid flag) *** 
chdir() to /docker_playground
your memory page size is 4096 bytes
detected max file descriptor number: 1048576
lock engine: pthread robust mutexes
thunder lock: disabled (you can enable it with --thunder-lock)
uwsgi socket 0 bound to UNIX address /docker_playground/docker_playground.sock fd 3
Python version: 3.5.3 (default, Mar 22 2017, 22:57:20)  [GCC 4.9.2]
*** Python threads support is disabled. You can enable it with --enable-threads ***
Python main interpreter initialized at 0x2720d40
your server socket listen backlog is limited to 100 connections
your mercy for graceful operations on workers is 60 seconds
mapped 363840 bytes (355 KB) for 4 cores
*** Operational MODE: preforking ***
WSGI app 0 (mountpoint='') ready in 0 seconds on interpreter 0x2720d40 pid: 1 (default app)
*** uWSGI is running in multiple interpreter mode ***
spawned uWSGI master process (pid: 1)
spawned uWSGI worker 1 (pid: 8, cores: 1)
spawned uWSGI worker 2 (pid: 9, cores: 1)
spawned uWSGI worker 3 (pid: 10, cores: 1)
spawned uWSGI worker 4 (pid: 11, cores: 1)
...brutally killing workers...
worker 1 buried after 1 seconds
worker 2 buried after 1 seconds
worker 3 buried after 1 seconds
worker 4 buried after 1 seconds
binary reloading uWSGI...
chdir() to /docker_playground
closing all non-uwsgi socket fds > 2 (max_fd = 1048576)...
found fd 3 mapped to socket 0 (/docker_playground/docker_playground.sock)
running /usr/local/bin/uwsgi
[uWSGI] getting INI configuration from docker_playground.ini
*** Starting uWSGI 2.0.14 (64bit) on [Sat Mar 25 03:13:02 2017] ***
compiled with version: 4.9.2 on 25 March 2017 00:55:00
os: Linux-4.4.0-67-generic #88-Ubuntu SMP Wed Mar 8 16:34:45 UTC 2017
nodename: 4b7a3863e641
machine: x86_64
clock source: unix
pcre jit disabled
detected number of CPU cores: 4
current working directory: /docker_playground
detected binary path: /usr/local/bin/uwsgi
uWSGI running as root, you can use --uid/--gid/--chroot options
*** WARNING: you are running uWSGI as root !!! (use the --uid flag) *** 
chdir() to /docker_playground
your memory page size is 4096 bytes
detected max file descriptor number: 1048576
lock engine: pthread robust mutexes
thunder lock: disabled (you can enable it with --thunder-lock)
uwsgi socket 0 inherited UNIX address /docker_playground/docker_playground.sock fd 3
Python version: 3.5.3 (default, Mar 22 2017, 22:57:20)  [GCC 4.9.2]
*** Python threads support is disabled. You can enable it with --enable-threads ***
Python main interpreter initialized at 0x7d1c60
your server socket listen backlog is limited to 100 connections
your mercy for graceful operations on workers is 60 seconds
mapped 363840 bytes (355 KB) for 4 cores
*** Operational MODE: preforking ***
WSGI app 0 (mountpoint='') ready in 0 seconds on interpreter 0x7d1c60 pid: 1 (default app)
*** uWSGI is running in multiple interpreter mode ***
gracefully (RE)spawned uWSGI master process (pid: 1)
spawned uWSGI worker 1 (pid: 21, cores: 1)
spawned uWSGI worker 2 (pid: 22, cores: 1)
spawned uWSGI worker 3 (pid: 23, cores: 1)
spawned uWSGI worker 4 (pid: 24, cores: 1)
Sat Mar 25 03:13:11 2017 - uWSGI worker 2 screams: UAAAAAAH my master disconnected: i will kill myself !!!
Sat Mar 25 03:13:11 2017 - uWSGI worker 4 screams: UAAAAAAH my master disconnected: i will kill myself !!!
Sat Mar 25 03:13:11 2017 - uWSGI worker 1 screams: UAAAAAAH my master disconnected: i will kill myself !!!
Sat Mar 25 03:13:11 2017 - uWSGI worker 3 screams: UAAAAAAH my master disconnected: i will kill myself !!!
*** Starting uWSGI 2.0.14 (64bit) on [Sat Mar 25 15:15:08 2017] ***
compiled with version: 4.9.2 on 25 March 2017 00:55:00
os: Linux-4.8.0-42-generic #45~16.04.1-Ubuntu SMP Thu Mar 9 14:10:58 UTC 2017
nodename: 4b7a3863e641
machine: x86_64
clock source: unix
pcre jit disabled
detected number of CPU cores: 4
current working directory: /docker_playground
detected binary path: /usr/local/bin/uwsgi
uWSGI running as root, you can use --uid/--gid/--chroot options
*** WARNING: you are running uWSGI as root !!! (use the --uid flag) *** 
chdir() to /docker_playground
your memory page size is 4096 bytes
detected max file descriptor number: 1048576
lock engine: pthread robust mutexes
thunder lock: disabled (you can enable it with --thunder-lock)
uwsgi socket 0 bound to UNIX address /docker_playground/docker_playground.sock fd 3
Python version: 3.5.3 (default, Mar 22 2017, 22:57:20)  [GCC 4.9.2]
*** Python threads support is disabled. You can enable it with --enable-threads ***
Python main interpreter initialized at 0x24c3d40
your server socket listen backlog is limited to 100 connections
your mercy for graceful operations on workers is 60 seconds
mapped 363840 bytes (355 KB) for 4 cores
*** Operational MODE: preforking ***
WSGI app 0 (mountpoint='') ready in 0 seconds on interpreter 0x24c3d40 pid: 1 (default app)
*** uWSGI is running in multiple interpreter mode ***
spawned uWSGI master process (pid: 1)
spawned uWSGI worker 1 (pid: 8, cores: 1)
spawned uWSGI worker 2 (pid: 9, cores: 1)
spawned uWSGI worker 3 (pid: 10, cores: 1)
spawned uWSGI worker 4 (pid: 11, cores: 1)
[pid: 9|app: 0|req: 1/1] 172.19.0.1 () {40 vars in 602 bytes} [Sat Mar 25 15:15:15 2017] GET / => generated 153 bytes in 53 msecs (HTTP/1.1 200) 2 headers in 88 bytes (2 switches on core 0)
...brutally killing workers...
worker 1 buried after 1 seconds
worker 2 buried after 1 seconds
worker 3 buried after 1 seconds
worker 4 buried after 1 seconds
binary reloading uWSGI...
chdir() to /docker_playground
closing all non-uwsgi socket fds > 2 (max_fd = 1048576)...
found fd 3 mapped to socket 0 (/docker_playground/docker_playground.sock)
running /usr/local/bin/uwsgi
[uWSGI] getting INI configuration from docker_playground.ini
*** Starting uWSGI 2.0.14 (64bit) on [Sat Mar 25 15:15:21 2017] ***
compiled with version: 4.9.2 on 25 March 2017 00:55:00
os: Linux-4.8.0-42-generic #45~16.04.1-Ubuntu SMP Thu Mar 9 14:10:58 UTC 2017
nodename: 4b7a3863e641
machine: x86_64
clock source: unix
pcre jit disabled
detected number of CPU cores: 4
current working directory: /docker_playground
detected binary path: /usr/local/bin/uwsgi
uWSGI running as root, you can use --uid/--gid/--chroot options
*** WARNING: you are running uWSGI as root !!! (use the --uid flag) *** 
chdir() to /docker_playground
your memory page size is 4096 bytes
detected max file descriptor number: 1048576
lock engine: pthread robust mutexes
thunder lock: disabled (you can enable it with --thunder-lock)
uwsgi socket 0 inherited UNIX address /docker_playground/docker_playground.sock fd 3
Python version: 3.5.3 (default, Mar 22 2017, 22:57:20)  [GCC 4.9.2]
*** Python threads support is disabled. You can enable it with --enable-threads ***
Python main interpreter initialized at 0x2255c60
your server socket listen backlog is limited to 100 connections
your mercy for graceful operations on workers is 60 seconds
mapped 363840 bytes (355 KB) for 4 cores
*** Operational MODE: preforking ***
WSGI app 0 (mountpoint='') ready in 0 seconds on interpreter 0x2255c60 pid: 1 (default app)
*** uWSGI is running in multiple interpreter mode ***
gracefully (RE)spawned uWSGI master process (pid: 1)
spawned uWSGI worker 1 (pid: 13, cores: 1)
spawned uWSGI worker 2 (pid: 14, cores: 1)
spawned uWSGI worker 3 (pid: 15, cores: 1)
spawned uWSGI worker 4 (pid: 16, cores: 1)
*** Starting uWSGI 2.0.14 (64bit) on [Sat Mar 25 15:26:30 2017] ***
compiled with version: 4.9.2 on 25 March 2017 00:55:00
os: Linux-4.8.0-42-generic #45~16.04.1-Ubuntu SMP Thu Mar 9 14:10:58 UTC 2017
nodename: 4b7a3863e641
machine: x86_64
clock source: unix
pcre jit disabled
detected number of CPU cores: 4
current working directory: /docker_playground
detected binary path: /usr/local/bin/uwsgi
uWSGI running as root, you can use --uid/--gid/--chroot options
*** WARNING: you are running uWSGI as root !!! (use the --uid flag) *** 
chdir() to /docker_playground
your memory page size is 4096 bytes
detected max file descriptor number: 1048576
lock engine: pthread robust mutexes
thunder lock: disabled (you can enable it with --thunder-lock)
uwsgi socket 0 bound to UNIX address /docker_playground/docker_playground.sock fd 3
Python version: 3.5.3 (default, Mar 22 2017, 22:57:20)  [GCC 4.9.2]
*** Python threads support is disabled. You can enable it with --enable-threads ***
Python main interpreter initialized at 0xf98d40
your server socket listen backlog is limited to 100 connections
your mercy for graceful operations on workers is 60 seconds
mapped 363840 bytes (355 KB) for 4 cores
*** Operational MODE: preforking ***
WSGI app 0 (mountpoint='') ready in 1 seconds on interpreter 0xf98d40 pid: 1 (default app)
*** uWSGI is running in multiple interpreter mode ***
spawned uWSGI master process (pid: 1)
spawned uWSGI worker 1 (pid: 7, cores: 1)
spawned uWSGI worker 2 (pid: 8, cores: 1)
spawned uWSGI worker 3 (pid: 9, cores: 1)
spawned uWSGI worker 4 (pid: 10, cores: 1)
...brutally killing workers...
worker 1 buried after 1 seconds
worker 2 buried after 1 seconds
worker 3 buried after 1 seconds
worker 4 buried after 1 seconds
binary reloading uWSGI...
chdir() to /docker_playground
closing all non-uwsgi socket fds > 2 (max_fd = 1048576)...
found fd 3 mapped to socket 0 (/docker_playground/docker_playground.sock)
running /usr/local/bin/uwsgi
[uWSGI] getting INI configuration from docker_playground.ini
*** Starting uWSGI 2.0.14 (64bit) on [Sat Mar 25 15:26:38 2017] ***
compiled with version: 4.9.2 on 25 March 2017 00:55:00
os: Linux-4.8.0-42-generic #45~16.04.1-Ubuntu SMP Thu Mar 9 14:10:58 UTC 2017
nodename: 4b7a3863e641
machine: x86_64
clock source: unix
pcre jit disabled
detected number of CPU cores: 4
current working directory: /docker_playground
detected binary path: /usr/local/bin/uwsgi
uWSGI running as root, you can use --uid/--gid/--chroot options
*** WARNING: you are running uWSGI as root !!! (use the --uid flag) *** 
chdir() to /docker_playground
your memory page size is 4096 bytes
detected max file descriptor number: 1048576
lock engine: pthread robust mutexes
thunder lock: disabled (you can enable it with --thunder-lock)
uwsgi socket 0 inherited UNIX address /docker_playground/docker_playground.sock fd 3
Python version: 3.5.3 (default, Mar 22 2017, 22:57:20)  [GCC 4.9.2]
*** Python threads support is disabled. You can enable it with --enable-threads ***
Python main interpreter initialized at 0x2623c60
your server socket listen backlog is limited to 100 connections
your mercy for graceful operations on workers is 60 seconds
mapped 363840 bytes (355 KB) for 4 cores
*** Operational MODE: preforking ***
WSGI app 0 (mountpoint='') ready in 0 seconds on interpreter 0x2623c60 pid: 1 (default app)
*** uWSGI is running in multiple interpreter mode ***
gracefully (RE)spawned uWSGI master process (pid: 1)
spawned uWSGI worker 1 (pid: 12, cores: 1)
spawned uWSGI worker 2 (pid: 13, cores: 1)
spawned uWSGI worker 3 (pid: 14, cores: 1)
spawned uWSGI worker 4 (pid: 15, cores: 1)
